This file contains any messages produced by compilers while
running configure, to aid debugging if configure makes a mistake.

It was created by wgms3d configure 2.0, which was
generated by GNU Autoconf 2.69.  Invocation command line was

  $ ./configure --with-blas=/usr/local/lib/libopenblas.dylib --with-superlu --with-arpack

## --------- ##
## Platform. ##
## --------- ##

hostname = Alecs-Air.lan
uname -m = x86_64
uname -r = 18.2.0
uname -s = Darwin
uname -v = Darwin Kernel Version 18.2.0: Mon Nov 12 20:24:46 PST 2018; root:xnu-4903.231.4~2/RELEASE_X86_64

/usr/bin/uname -p = i386
/bin/uname -X     = unknown

/bin/arch              = unknown
/usr/bin/arch -k       = unknown
/usr/convex/getsysinfo = unknown
/usr/bin/hostinfo      = Mach kernel version:
	 Darwin Kernel Version 18.2.0: Mon Nov 12 20:24:46 PST 2018; root:xnu-4903.231.4~2/RELEASE_X86_64
Kernel configured for up to 4 processors.
2 processors are physically available.
4 processors are logically available.
Processor type: i486 (Intel 80486)
Processors active: 0 1 2 3
Primary memory available: 4.00 gigabytes
Default processor set: 334 tasks, 1492 threads, 4 processors
Load average: 1.81, Mach factor: 2.18
/bin/machine           = unknown
/usr/bin/oslevel       = unknown
/bin/universe          = unknown

PATH: /Users/alechammond/miniconda3/bin
PATH: /Users/alechammond/miniconda3/condabin
PATH: /usr/bin
PATH: /bin
PATH: /usr/sbin
PATH: /sbin
PATH: /usr/local/bin
PATH: /Library/TeX/texbin


## ----------- ##
## Core tests. ##
## ----------- ##

configure:2409: checking for a BSD-compatible install
configure:2477: result: /usr/bin/install -c
configure:2488: checking whether build environment is sane
configure:2543: result: yes
configure:2694: checking for a thread-safe mkdir -p
configure:2733: result: ./install-sh -c -d
configure:2740: checking for gawk
configure:2770: result: no
configure:2740: checking for mawk
configure:2770: result: no
configure:2740: checking for nawk
configure:2770: result: no
configure:2740: checking for awk
configure:2756: found /usr/bin/awk
configure:2767: result: awk
configure:2778: checking whether make sets $(MAKE)
configure:2800: result: yes
configure:2829: checking whether make supports nested variables
configure:2846: result: yes
configure:3041: checking for g77
configure:3071: result: no
configure:3041: checking for xlf
configure:3071: result: no
configure:3041: checking for f77
configure:3071: result: no
configure:3041: checking for frt
configure:3071: result: no
configure:3041: checking for pgf77
configure:3071: result: no
configure:3041: checking for cf77
configure:3071: result: no
configure:3041: checking for fort77
configure:3071: result: no
configure:3041: checking for fl32
configure:3071: result: no
configure:3041: checking for af77
configure:3071: result: no
configure:3041: checking for xlf90
configure:3071: result: no
configure:3041: checking for f90
configure:3071: result: no
configure:3041: checking for pgf90
configure:3071: result: no
configure:3041: checking for pghpf
configure:3071: result: no
configure:3041: checking for epcf90
configure:3071: result: no
configure:3041: checking for gfortran
configure:3057: found /usr/local/bin/gfortran
configure:3068: result: gfortran
configure:3094: checking for Fortran 77 compiler version
configure:3103: gfortran --version >&5
GNU Fortran (GCC) 8.2.0
Copyright (C) 2018 Free Software Foundation, Inc.
This is free software; see the source for copying conditions.  There is NO
warranty; not even for MERCHANTABILITY or FITNESS FOR A PARTICULAR PURPOSE.

configure:3114: $? = 0
configure:3103: gfortran -v >&5
Using built-in specs.
COLLECT_GCC=gfortran
COLLECT_LTO_WRAPPER=/usr/local/gfortran/libexec/gcc/x86_64-apple-darwin18/8.2.0/lto-wrapper
Target: x86_64-apple-darwin18
Configured with: ../gcc-8.2.0/configure --prefix=/usr/local/gfortran --with-gmp=/Users/fx/devel/gcc/build_package/deps --enable-languages=c,c++,fortran,objc,obj-c++ --build=x86_64-apple-darwin18 --disable-multilib --with-native-system-header-dir=/usr/include --with-sysroot=/Library/Developer/CommandLineTools/SDKs/MacOSX.sdk
Thread model: posix
gcc version 8.2.0 (GCC) 
configure:3114: $? = 0
configure:3103: gfortran -V >&5
gfortran: error: unrecognized command line option '-V'
gfortran: fatal error: no input files
compilation terminated.
configure:3114: $? = 1
configure:3103: gfortran -qversion >&5
gfortran: error: unrecognized command line option '-qversion'; did you mean '--version'?
gfortran: fatal error: no input files
compilation terminated.
configure:3114: $? = 1
configure:3129: checking whether the Fortran 77 compiler works
configure:3151: gfortran   conftest.f  >&5
configure:3155: $? = 0
configure:3203: result: yes
configure:3206: checking for Fortran 77 compiler default output file name
configure:3208: result: a.out
configure:3214: checking for suffix of executables
configure:3221: gfortran -o conftest   conftest.f  >&5
configure:3225: $? = 0
configure:3247: result: 
configure:3263: checking whether we are cross compiling
configure:3271: gfortran -o conftest   conftest.f  >&5
configure:3275: $? = 0
configure:3282: ./conftest
configure:3286: $? = 0
configure:3301: result: no
configure:3306: checking for suffix of object files
configure:3322: gfortran -c  conftest.f >&5
configure:3326: $? = 0
configure:3347: result: o
configure:3355: checking whether we are using the GNU Fortran 77 compiler
configure:3368: gfortran -c  conftest.F >&5
configure:3368: $? = 0
configure:3377: result: yes
configure:3383: checking whether gfortran accepts -g
configure:3394: gfortran -c -g conftest.f >&5
configure:3394: $? = 0
configure:3402: result: yes
configure:3489: checking for g++
configure:3505: found /usr/bin/g++
configure:3516: result: g++
configure:3543: checking for C++ compiler version
configure:3552: g++ --version >&5
Apple LLVM version 10.0.0 (clang-1000.11.45.5)
Target: x86_64-apple-darwin18.2.0
Thread model: posix
InstalledDir: /Applications/Xcode.app/Contents/Developer/Toolchains/XcodeDefault.xctoolchain/usr/bin
Configured with: --prefix=/Applications/Xcode.app/Contents/Developer/usr --with-gxx-include-dir=/usr/include/c++/4.2.1
configure:3563: $? = 0
configure:3552: g++ -v >&5
Configured with: --prefix=/Applications/Xcode.app/Contents/Developer/usr --with-gxx-include-dir=/usr/include/c++/4.2.1
Apple LLVM version 10.0.0 (clang-1000.11.45.5)
Target: x86_64-apple-darwin18.2.0
Thread model: posix
InstalledDir: /Applications/Xcode.app/Contents/Developer/Toolchains/XcodeDefault.xctoolchain/usr/bin
configure:3563: $? = 0
configure:3552: g++ -V >&5
clang: error: argument to '-V' is missing (expected 1 value)
clang: error: no input files
configure:3563: $? = 1
configure:3552: g++ -qversion >&5
clang: error: unknown argument: '-qversion'
clang: error: no input files
configure:3563: $? = 1
configure:3567: checking whether we are using the GNU C++ compiler
configure:3586: g++ -c   conftest.cpp >&5
configure:3586: $? = 0
configure:3595: result: yes
configure:3604: checking whether g++ accepts -g
configure:3624: g++ -c -g  conftest.cpp >&5
configure:3624: $? = 0
configure:3665: result: yes
configure:3691: checking whether make supports the include directive
configure:3706: make -f confmf.GNU && cat confinc.out
this is the am__doit target
configure:3709: $? = 0
configure:3728: result: yes (GNU style)
configure:3753: checking dependency style of g++
configure:3864: result: gcc3
configure:3889: checking build system type
configure:3903: result: x86_64-apple-darwin18.2.0
configure:3923: checking host system type
configure:3936: result: x86_64-apple-darwin18.2.0
configure:3961: checking how to get verbose linking output from gfortran
configure:3971: gfortran -c -g -O2 conftest.f >&5
configure:3971: $? = 0
configure:3989: gfortran -o conftest -g -O2 -v conftest.f
Using built-in specs.
Target: x86_64-apple-darwin18
Thread model: posix
gcc version 8.2.0 (GCC) 
 /usr/local/gfortran/libexec/gcc/x86_64-apple-darwin18/8.2.0/f951 conftest.f -ffixed-form -fPIC -feliminate-unused-debug-symbols -quiet -dumpbase conftest.f -mmacosx-version-min=10.14.0 -mtune=core2 -auxbase conftest -g -O2 -version -fintrinsic-modules-path /usr/local/gfortran/lib/gcc/x86_64-apple-darwin18/8.2.0/finclude -o /var/folders/3_/jpm0p5lj7mg4sbbn39f94js80000gn/T//ccPZAbSi.s
GNU Fortran (GCC) version 8.2.0 (x86_64-apple-darwin18)
	compiled by GNU C version 8.2.0, GMP version 6.1.2, MPFR version 4.0.1, MPC version 1.1.0, isl version isl-0.20-GMP

GGC heuristics: --param ggc-min-expand=100 --param ggc-min-heapsize=131072
GNU Fortran2008 (GCC) version 8.2.0 (x86_64-apple-darwin18)
	compiled by GNU C version 8.2.0, GMP version 6.1.2, MPFR version 4.0.1, MPC version 1.1.0, isl version isl-0.20-GMP

GGC heuristics: --param ggc-min-expand=100 --param ggc-min-heapsize=131072
 as -arch x86_64 -v -force_cpusubtype_ALL -mmacosx-version-min=10.14 -o /var/folders/3_/jpm0p5lj7mg4sbbn39f94js80000gn/T//cc9vRQ4V.o /var/folders/3_/jpm0p5lj7mg4sbbn39f94js80000gn/T//ccPZAbSi.s
Apple LLVM version 10.0.0 (clang-1000.11.45.5)
Target: x86_64-apple-darwin18.2.0
Thread model: posix
InstalledDir: /Applications/Xcode.app/Contents/Developer/Toolchains/XcodeDefault.xctoolchain/usr/bin
 "/Applications/Xcode.app/Contents/Developer/Toolchains/XcodeDefault.xctoolchain/usr/bin/clang" -cc1as -triple x86_64-apple-macosx10.14.0 -filetype obj -main-file-name ccPZAbSi.s -target-cpu penryn -fdebug-compilation-dir /Users/alechammond/Documents/GitHub/wgms3d -dwarf-debug-producer Apple LLVM version 10.0.0 (clang-1000.11.45.5) -dwarf-version=4 -mrelocation-model pic -o /var/folders/3_/jpm0p5lj7mg4sbbn39f94js80000gn/T//cc9vRQ4V.o /var/folders/3_/jpm0p5lj7mg4sbbn39f94js80000gn/T//ccPZAbSi.s
Reading specs from /usr/local/gfortran/lib/gcc/x86_64-apple-darwin18/8.2.0/../../../libgfortran.spec
rename spec lib to liborig
 /usr/local/gfortran/libexec/gcc/x86_64-apple-darwin18/8.2.0/collect2 -syslibroot /Library/Developer/CommandLineTools/SDKs/MacOSX.sdk/ -dynamic -arch x86_64 -macosx_version_min 10.14.0 -weak_reference_mismatches non-weak -o conftest -L/usr/local/gfortran/lib/gcc/x86_64-apple-darwin18/8.2.0 -L/usr/local/gfortran/lib/gcc/x86_64-apple-darwin18/8.2.0/../../.. /var/folders/3_/jpm0p5lj7mg4sbbn39f94js80000gn/T//cc9vRQ4V.o -lgfortran -no_compact_unwind -lSystem -lgcc_ext.10.5 -lgcc -lquadmath -lm -lgcc_ext.10.5 -lgcc -lSystem -v -idsym -dsym
collect2 version 8.2.0
/usr/bin/ld -syslibroot /Library/Developer/CommandLineTools/SDKs/MacOSX.sdk/ -dynamic -arch x86_64 -macosx_version_min 10.14.0 -weak_reference_mismatches non-weak -o conftest -L/usr/local/gfortran/lib/gcc/x86_64-apple-darwin18/8.2.0 -L/usr/local/gfortran/lib/gcc/x86_64-apple-darwin18/8.2.0/../../.. /var/folders/3_/jpm0p5lj7mg4sbbn39f94js80000gn/T//cc9vRQ4V.o -lgfortran -no_compact_unwind -lSystem -lgcc_ext.10.5 -lgcc -lquadmath -lm -lgcc_ext.10.5 -lgcc -lSystem -v
@(#)PROGRAM:ld  PROJECT:ld64-409.12
BUILD 17:47:51 Sep 25 2018
configured to support archs: armv6 armv7 armv7s arm64 i386 x86_64 x86_64h armv6m armv7k armv7m armv7em arm64e arm64_32
Library search paths:
	/usr/local/gfortran/lib/gcc/x86_64-apple-darwin18/8.2.0
	/usr/local/gfortran/lib
	/Library/Developer/CommandLineTools/SDKs/MacOSX.sdk/usr/lib
Framework search paths:
	/Library/Developer/CommandLineTools/SDKs/MacOSX.sdk/System/Library/Frameworks/
 /usr/bin/nm -n /var/folders/3_/jpm0p5lj7mg4sbbn39f94js80000gn/T//cc9vRQ4V.o
dsymutil conftest
configure:4072: result: -v
configure:4074: checking for Fortran 77 libraries of gfortran
configure:4097: gfortran -o conftest -g -O2 -v conftest.f
Using built-in specs.
Target: x86_64-apple-darwin18
Thread model: posix
gcc version 8.2.0 (GCC) 
 /usr/local/gfortran/libexec/gcc/x86_64-apple-darwin18/8.2.0/f951 conftest.f -ffixed-form -fPIC -feliminate-unused-debug-symbols -quiet -dumpbase conftest.f -mmacosx-version-min=10.14.0 -mtune=core2 -auxbase conftest -g -O2 -version -fintrinsic-modules-path /usr/local/gfortran/lib/gcc/x86_64-apple-darwin18/8.2.0/finclude -o /var/folders/3_/jpm0p5lj7mg4sbbn39f94js80000gn/T//cckedmle.s
GNU Fortran (GCC) version 8.2.0 (x86_64-apple-darwin18)
	compiled by GNU C version 8.2.0, GMP version 6.1.2, MPFR version 4.0.1, MPC version 1.1.0, isl version isl-0.20-GMP

GGC heuristics: --param ggc-min-expand=100 --param ggc-min-heapsize=131072
GNU Fortran2008 (GCC) version 8.2.0 (x86_64-apple-darwin18)
	compiled by GNU C version 8.2.0, GMP version 6.1.2, MPFR version 4.0.1, MPC version 1.1.0, isl version isl-0.20-GMP

GGC heuristics: --param ggc-min-expand=100 --param ggc-min-heapsize=131072
 as -arch x86_64 -v -force_cpusubtype_ALL -mmacosx-version-min=10.14 -o /var/folders/3_/jpm0p5lj7mg4sbbn39f94js80000gn/T//ccdsqlei.o /var/folders/3_/jpm0p5lj7mg4sbbn39f94js80000gn/T//cckedmle.s
Apple LLVM version 10.0.0 (clang-1000.11.45.5)
Target: x86_64-apple-darwin18.2.0
Thread model: posix
InstalledDir: /Applications/Xcode.app/Contents/Developer/Toolchains/XcodeDefault.xctoolchain/usr/bin
 "/Applications/Xcode.app/Contents/Developer/Toolchains/XcodeDefault.xctoolchain/usr/bin/clang" -cc1as -triple x86_64-apple-macosx10.14.0 -filetype obj -main-file-name cckedmle.s -target-cpu penryn -fdebug-compilation-dir /Users/alechammond/Documents/GitHub/wgms3d -dwarf-debug-producer Apple LLVM version 10.0.0 (clang-1000.11.45.5) -dwarf-version=4 -mrelocation-model pic -o /var/folders/3_/jpm0p5lj7mg4sbbn39f94js80000gn/T//ccdsqlei.o /var/folders/3_/jpm0p5lj7mg4sbbn39f94js80000gn/T//cckedmle.s
Reading specs from /usr/local/gfortran/lib/gcc/x86_64-apple-darwin18/8.2.0/../../../libgfortran.spec
rename spec lib to liborig
 /usr/local/gfortran/libexec/gcc/x86_64-apple-darwin18/8.2.0/collect2 -syslibroot /Library/Developer/CommandLineTools/SDKs/MacOSX.sdk/ -dynamic -arch x86_64 -macosx_version_min 10.14.0 -weak_reference_mismatches non-weak -o conftest -L/usr/local/gfortran/lib/gcc/x86_64-apple-darwin18/8.2.0 -L/usr/local/gfortran/lib/gcc/x86_64-apple-darwin18/8.2.0/../../.. /var/folders/3_/jpm0p5lj7mg4sbbn39f94js80000gn/T//ccdsqlei.o -lgfortran -no_compact_unwind -lSystem -lgcc_ext.10.5 -lgcc -lquadmath -lm -lgcc_ext.10.5 -lgcc -lSystem -v -idsym -dsym
collect2 version 8.2.0
/usr/bin/ld -syslibroot /Library/Developer/CommandLineTools/SDKs/MacOSX.sdk/ -dynamic -arch x86_64 -macosx_version_min 10.14.0 -weak_reference_mismatches non-weak -o conftest -L/usr/local/gfortran/lib/gcc/x86_64-apple-darwin18/8.2.0 -L/usr/local/gfortran/lib/gcc/x86_64-apple-darwin18/8.2.0/../../.. /var/folders/3_/jpm0p5lj7mg4sbbn39f94js80000gn/T//ccdsqlei.o -lgfortran -no_compact_unwind -lSystem -lgcc_ext.10.5 -lgcc -lquadmath -lm -lgcc_ext.10.5 -lgcc -lSystem -v
@(#)PROGRAM:ld  PROJECT:ld64-409.12
BUILD 17:47:51 Sep 25 2018
configured to support archs: armv6 armv7 armv7s arm64 i386 x86_64 x86_64h armv6m armv7k armv7m armv7em arm64e arm64_32
Library search paths:
	/usr/local/gfortran/lib/gcc/x86_64-apple-darwin18/8.2.0
	/usr/local/gfortran/lib
	/Library/Developer/CommandLineTools/SDKs/MacOSX.sdk/usr/lib
Framework search paths:
	/Library/Developer/CommandLineTools/SDKs/MacOSX.sdk/System/Library/Frameworks/
 /usr/bin/nm -n /var/folders/3_/jpm0p5lj7mg4sbbn39f94js80000gn/T//ccdsqlei.o
dsymutil conftest
configure:4293: result:  -L/usr/local/gfortran/lib/gcc/x86_64-apple-darwin18/8.2.0 -L/usr/local/gfortran/lib/gcc/x86_64-apple-darwin18/8.2.0/../../.. -lgfortran -lquadmath -lm
configure:4352: checking for gcc
configure:4368: found /usr/bin/gcc
configure:4379: result: gcc
configure:4608: checking for C compiler version
configure:4617: gcc --version >&5
Apple LLVM version 10.0.0 (clang-1000.11.45.5)
Target: x86_64-apple-darwin18.2.0
Thread model: posix
InstalledDir: /Applications/Xcode.app/Contents/Developer/Toolchains/XcodeDefault.xctoolchain/usr/bin
Configured with: --prefix=/Applications/Xcode.app/Contents/Developer/usr --with-gxx-include-dir=/usr/include/c++/4.2.1
configure:4628: $? = 0
configure:4617: gcc -v >&5
Configured with: --prefix=/Applications/Xcode.app/Contents/Developer/usr --with-gxx-include-dir=/usr/include/c++/4.2.1
Apple LLVM version 10.0.0 (clang-1000.11.45.5)
Target: x86_64-apple-darwin18.2.0
Thread model: posix
InstalledDir: /Applications/Xcode.app/Contents/Developer/Toolchains/XcodeDefault.xctoolchain/usr/bin
configure:4628: $? = 0
configure:4617: gcc -V >&5
clang: error: argument to '-V' is missing (expected 1 value)
clang: error: no input files
configure:4628: $? = 1
configure:4617: gcc -qversion >&5
clang: error: unknown argument: '-qversion'
clang: error: no input files
configure:4628: $? = 1
configure:4632: checking whether we are using the GNU C compiler
configure:4659: gcc -c   conftest.c >&5
configure:4659: $? = 0
configure:4668: result: yes
configure:4677: checking whether gcc accepts -g
configure:4705: gcc -c -g  conftest.c >&5
configure:4705: $? = 0
configure:4762: result: yes
configure:4779: checking for gcc option to accept ISO C89
configure:4850: gcc  -c -g -O2  conftest.c >&5
configure:4850: $? = 0
configure:4863: result: none needed
configure:4888: checking whether gcc understands -c and -o together
configure:4918: gcc -c conftest.c -o conftest2.o
configure:4921: $? = 0
configure:4918: gcc -c conftest.c -o conftest2.o
configure:4921: $? = 0
configure:4933: result: yes
configure:4952: checking dependency style of gcc
configure:5063: result: gcc3
configure:5084: checking for dummy main to link with Fortran 77 libraries
configure:5118: gcc -o conftest -g -O2   conftest.c   -L/usr/local/gfortran/lib/gcc/x86_64-apple-darwin18/8.2.0 -L/usr/local/gfortran/lib/gcc/x86_64-apple-darwin18/8.2.0/../../.. -lgfortran -lquadmath -lm >&5
configure:5118: $? = 0
configure:5163: result: none
configure:5196: checking for Fortran 77 name-mangling scheme
configure:5209: gfortran -c -g -O2 conftest.f >&5
configure:5209: $? = 0
configure:5250: gcc -o conftest -g -O2   conftest.c cfortran_test.o   -L/usr/local/gfortran/lib/gcc/x86_64-apple-darwin18/8.2.0 -L/usr/local/gfortran/lib/gcc/x86_64-apple-darwin18/8.2.0/../../.. -lgfortran -lquadmath -lm >&5
Undefined symbols for architecture x86_64:
  "_foobar", referenced from:
      _main in conftest-dce250.o
     (maybe you meant: _foobar_)
ld: symbol(s) not found for architecture x86_64
clang: error: linker command failed with exit code 1 (use -v to see invocation)
configure:5250: $? = 1
configure: failed program was:
| /* confdefs.h */
| #define PACKAGE_NAME "wgms3d"
| #define PACKAGE_TARNAME "wgms3d"
| #define PACKAGE_VERSION "2.0"
| #define PACKAGE_STRING "wgms3d 2.0"
| #define PACKAGE_BUGREPORT ""
| #define PACKAGE_URL ""
| #define PACKAGE "wgms3d"
| #define VERSION "2.0"
| /* end confdefs.h.  */
| 
| /* Override any GCC internal prototype to avoid an error.
|    Use char because int might match the return type of a GCC
|    builtin and then its argument prototype would still apply.  */
| #ifdef __cplusplus
| extern "C"
| #endif
| char foobar ();
| #ifdef F77_DUMMY_MAIN
| 
| #  ifdef __cplusplus
|      extern "C"
| #  endif
|    int F77_DUMMY_MAIN() { return 1; }
| 
| #endif
| int
| main ()
| {
| return foobar ();
|   ;
|   return 0;
| }
configure:5250: gcc -o conftest -g -O2   conftest.c cfortran_test.o   -L/usr/local/gfortran/lib/gcc/x86_64-apple-darwin18/8.2.0 -L/usr/local/gfortran/lib/gcc/x86_64-apple-darwin18/8.2.0/../../.. -lgfortran -lquadmath -lm >&5
configure:5250: $? = 0
configure:5308: gcc -o conftest -g -O2   conftest.c cfortran_test.o   -L/usr/local/gfortran/lib/gcc/x86_64-apple-darwin18/8.2.0 -L/usr/local/gfortran/lib/gcc/x86_64-apple-darwin18/8.2.0/../../.. -lgfortran -lquadmath -lm >&5
configure:5308: $? = 0
configure:5350: result: lower case, underscore, no extra underscore
configure:5459: checking whether g++ supports C++11 features by default
configure:5483: g++ -c -g -O2  conftest.cpp >&5
conftest.cpp:17:21: error: expected parameter declarator
      static_assert(sizeof(int) <= sizeof(T), "not big enough");
                    ^
conftest.cpp:17:21: error: expected ')'
conftest.cpp:17:20: note: to match this '('
      static_assert(sizeof(int) <= sizeof(T), "not big enough");
                   ^
conftest.cpp:17:7: error: C++ requires a type specifier for all declarations
      static_assert(sizeof(int) <= sizeof(T), "not big enough");
      ^
conftest.cpp:20:29: error: a space is required between consecutive right angle brackets (use '> >')
    typedef check<check<bool>> right_angle_brackets;
                            ^~
                            > >
conftest.cpp:23:5: error: unknown type name 'decltype'
    decltype(a) b;
    ^
conftest.cpp:23:16: error: expected ';' after top level declarator
    decltype(a) b;
               ^
               ;
conftest.cpp:27:15: warning: rvalue references are a C++11 extension [-Wc++11-extensions]
    check_type&& cr = static_cast<check_type&&>(c);
              ^
conftest.cpp:27:45: warning: rvalue references are a C++11 extension [-Wc++11-extensions]
    check_type&& cr = static_cast<check_type&&>(c);
                                            ^
2 warnings and 6 errors generated.
configure:5483: $? = 1
configure: failed program was:
| /* confdefs.h */
| #define PACKAGE_NAME "wgms3d"
| #define PACKAGE_TARNAME "wgms3d"
| #define PACKAGE_VERSION "2.0"
| #define PACKAGE_STRING "wgms3d 2.0"
| #define PACKAGE_BUGREPORT ""
| #define PACKAGE_URL ""
| #define PACKAGE "wgms3d"
| #define VERSION "2.0"
| #define F77_FUNC(name,NAME) name ## _
| #define F77_FUNC_(name,NAME) name ## _
| /* end confdefs.h.  */
| 
|   template <typename T>
|     struct check
|     {
|       static_assert(sizeof(int) <= sizeof(T), "not big enough");
|     };
| 
|     typedef check<check<bool>> right_angle_brackets;
| 
|     int a;
|     decltype(a) b;
| 
|     typedef check<int> check_type;
|     check_type c;
|     check_type&& cr = static_cast<check_type&&>(c);
| 
configure:5490: result: no
configure:5499: checking whether g++ supports C++11 features with -std=gnu++11
configure:5525: g++ -c -g -O2 -std=gnu++11  conftest.cpp >&5
configure:5525: $? = 0
configure:5534: result: yes
configure:5602: checking how to run the C++ preprocessor
configure:5629: g++ -E  conftest.cpp
configure:5629: $? = 0
configure:5643: g++ -E  conftest.cpp
conftest.cpp:13:10: fatal error: 'ac_nonexistent.h' file not found
#include <ac_nonexistent.h>
         ^~~~~~~~~~~~~~~~~~
1 error generated.
configure:5643: $? = 1
configure: failed program was:
| /* confdefs.h */
| #define PACKAGE_NAME "wgms3d"
| #define PACKAGE_TARNAME "wgms3d"
| #define PACKAGE_VERSION "2.0"
| #define PACKAGE_STRING "wgms3d 2.0"
| #define PACKAGE_BUGREPORT ""
| #define PACKAGE_URL ""
| #define PACKAGE "wgms3d"
| #define VERSION "2.0"
| #define F77_FUNC(name,NAME) name ## _
| #define F77_FUNC_(name,NAME) name ## _
| /* end confdefs.h.  */
| #include <ac_nonexistent.h>
configure:5668: result: g++ -E
configure:5688: g++ -E  conftest.cpp
configure:5688: $? = 0
configure:5702: g++ -E  conftest.cpp
conftest.cpp:13:10: fatal error: 'ac_nonexistent.h' file not found
#include <ac_nonexistent.h>
         ^~~~~~~~~~~~~~~~~~
1 error generated.
configure:5702: $? = 1
configure: failed program was:
| /* confdefs.h */
| #define PACKAGE_NAME "wgms3d"
| #define PACKAGE_TARNAME "wgms3d"
| #define PACKAGE_VERSION "2.0"
| #define PACKAGE_STRING "wgms3d 2.0"
| #define PACKAGE_BUGREPORT ""
| #define PACKAGE_URL ""
| #define PACKAGE "wgms3d"
| #define VERSION "2.0"
| #define F77_FUNC(name,NAME) name ## _
| #define F77_FUNC_(name,NAME) name ## _
| /* end confdefs.h.  */
| #include <ac_nonexistent.h>
configure:5731: checking for grep that handles long lines and -e
configure:5789: result: /usr/bin/grep
configure:5794: checking for egrep
configure:5856: result: /usr/bin/grep -E
configure:5861: checking for ANSI C header files
configure:5889: g++ -c -g -O2 -std=gnu++11  conftest.cpp >&5
configure:5889: $? = 0
configure:5962: g++ -o conftest -g -O2 -std=gnu++11   conftest.cpp  >&5
configure:5962: $? = 0
configure:5962: ./conftest
configure:5962: $? = 0
configure:5973: result: yes
configure:5986: checking for sys/types.h
configure:5986: g++ -c -g -O2 -std=gnu++11  conftest.cpp >&5
configure:5986: $? = 0
configure:5986: result: yes
configure:5986: checking for sys/stat.h
configure:5986: g++ -c -g -O2 -std=gnu++11  conftest.cpp >&5
configure:5986: $? = 0
configure:5986: result: yes
configure:5986: checking for stdlib.h
configure:5986: g++ -c -g -O2 -std=gnu++11  conftest.cpp >&5
configure:5986: $? = 0
configure:5986: result: yes
configure:5986: checking for string.h
configure:5986: g++ -c -g -O2 -std=gnu++11  conftest.cpp >&5
configure:5986: $? = 0
configure:5986: result: yes
configure:5986: checking for memory.h
configure:5986: g++ -c -g -O2 -std=gnu++11  conftest.cpp >&5
configure:5986: $? = 0
configure:5986: result: yes
configure:5986: checking for strings.h
configure:5986: g++ -c -g -O2 -std=gnu++11  conftest.cpp >&5
configure:5986: $? = 0
configure:5986: result: yes
configure:5986: checking for inttypes.h
configure:5986: g++ -c -g -O2 -std=gnu++11  conftest.cpp >&5
configure:5986: $? = 0
configure:5986: result: yes
configure:5986: checking for stdint.h
configure:5986: g++ -c -g -O2 -std=gnu++11  conftest.cpp >&5
configure:5986: $? = 0
configure:5986: result: yes
configure:5986: checking for unistd.h
configure:5986: g++ -c -g -O2 -std=gnu++11  conftest.cpp >&5
configure:5986: $? = 0
configure:5986: result: yes
configure:5998: checking boost/throw_exception.hpp usability
configure:5998: g++ -c -g -O2 -std=gnu++11  conftest.cpp >&5
configure:5998: $? = 0
configure:5998: result: yes
configure:5998: checking boost/throw_exception.hpp presence
configure:5998: g++ -E  conftest.cpp
configure:5998: $? = 0
configure:5998: result: yes
configure:5998: checking for boost/throw_exception.hpp
configure:5998: result: yes
configure:6088: checking for sgemm_ in /usr/local/lib/libopenblas.dylib
configure:6116: gcc -o conftest -g -O2   conftest.c /usr/local/lib/libopenblas.dylib   -L/usr/local/gfortran/lib/gcc/x86_64-apple-darwin18/8.2.0 -L/usr/local/gfortran/lib/gcc/x86_64-apple-darwin18/8.2.0/../../.. -lgfortran -lquadmath -lm >&5
configure:6116: $? = 0
configure:6123: result: yes
configure:7027: checking for cheev_
configure:7027: gcc -o conftest -g -O2   conftest.c  /usr/local/lib/libopenblas.dylib  -L/usr/local/gfortran/lib/gcc/x86_64-apple-darwin18/8.2.0 -L/usr/local/gfortran/lib/gcc/x86_64-apple-darwin18/8.2.0/../../.. -lgfortran -lquadmath -lm >&5
configure:7027: $? = 0
configure:7027: result: yes
configure:7114: checking whether calling BLAS zdotc works
configure:7158: gcc -o conftest -g -O2   conftest.c  /usr/local/lib/libopenblas.dylib   -L/usr/local/gfortran/lib/gcc/x86_64-apple-darwin18/8.2.0 -L/usr/local/gfortran/lib/gcc/x86_64-apple-darwin18/8.2.0/../../.. -lgfortran -lquadmath -lm >&5
configure:7158: $? = 0
configure:7158: ./conftest
configure:7158: $? = 0
configure:7167: result: yes
configure:7188: checking for dgstrf in -lsuperlu
configure:7221: gcc -o conftest -g -O2  -Iyes/include  -Lyes/lib conftest.c -lsuperlu   /usr/local/lib/libopenblas.dylib   -L/usr/local/gfortran/lib/gcc/x86_64-apple-darwin18/8.2.0 -L/usr/local/gfortran/lib/gcc/x86_64-apple-darwin18/8.2.0/../../.. -lgfortran -lquadmath -lm >&5
ld: warning: directory not found for option '-Lyes/lib'
configure:7221: $? = 0
configure:7230: result: yes
configure:7283: checking for dnaupd_ in -larpack
configure:7316: gcc -o conftest -g -O2  -Iyes/include  -Lyes/lib -Lyes/lib conftest.c -larpack  -lsuperlu  /usr/local/lib/libopenblas.dylib   -L/usr/local/gfortran/lib/gcc/x86_64-apple-darwin18/8.2.0 -L/usr/local/gfortran/lib/gcc/x86_64-apple-darwin18/8.2.0/../../.. -lgfortran -lquadmath -lm >&5
ld: warning: directory not found for option '-Lyes/lib'
ld: warning: directory not found for option '-Lyes/lib'
configure:7316: $? = 0
configure:7326: result: yes
configure:7665: checking that generated files are newer than configure
configure:7671: result: done
configure:7706: creating ./config.status

## ---------------------- ##
## Running config.status. ##
## ---------------------- ##

This file was extended by wgms3d config.status 2.0, which was
generated by GNU Autoconf 2.69.  Invocation command line was

  CONFIG_FILES    = 
  CONFIG_HEADERS  = 
  CONFIG_LINKS    = 
  CONFIG_COMMANDS = 
  $ ./config.status 

on Alecs-Air.lan

config.status:898: creating Makefile
config.status:898: creating src/Makefile
config.status:898: creating doc/Makefile
config.status:898: creating matlab/Makefile
config.status:898: creating tests/Makefile
config.status:898: creating tests/all_field_components/Makefile
config.status:898: creating tests/complex_modes/Makefile
config.status:898: creating tests/fiber_convergence/Makefile
config.status:898: creating tests/lossy_materials/Makefile
config.status:898: creating tests/semivectorial/Makefile
config.status:898: creating tests/disk_resonator/Makefile
config.status:898: creating tests/silicon_strip_waveguide/Makefile
config.status:898: creating tests/tm2te_leakage/Makefile
config.status:898: creating config.h
config.status:1079: config.h is unchanged
config.status:1127: executing depfiles commands
config.status:1204: cd src       && sed -e '/# am--include-marker/d' Makefile         | make -f - am--depfiles
make: Nothing to be done for `am--depfiles'.
config.status:1209: $? = 0

## ---------------- ##
## Cache variables. ##
## ---------------- ##

ac_cv_build=x86_64-apple-darwin18.2.0
ac_cv_c_compiler_gnu=yes
ac_cv_cxx_compiler_gnu=yes
ac_cv_env_CCC_set=
ac_cv_env_CCC_value=
ac_cv_env_CC_set=
ac_cv_env_CC_value=
ac_cv_env_CFLAGS_set=
ac_cv_env_CFLAGS_value=
ac_cv_env_CPPFLAGS_set=
ac_cv_env_CPPFLAGS_value=
ac_cv_env_CXXCPP_set=
ac_cv_env_CXXCPP_value=
ac_cv_env_CXXFLAGS_set=
ac_cv_env_CXXFLAGS_value=
ac_cv_env_CXX_set=
ac_cv_env_CXX_value=
ac_cv_env_F77_set=
ac_cv_env_F77_value=
ac_cv_env_FFLAGS_set=
ac_cv_env_FFLAGS_value=
ac_cv_env_LDFLAGS_set=
ac_cv_env_LDFLAGS_value=
ac_cv_env_LIBS_set=
ac_cv_env_LIBS_value=
ac_cv_env_build_alias_set=
ac_cv_env_build_alias_value=
ac_cv_env_host_alias_set=
ac_cv_env_host_alias_value=
ac_cv_env_target_alias_set=
ac_cv_env_target_alias_value=
ac_cv_f77_compiler_gnu=yes
ac_cv_f77_dummy_main=none
ac_cv_f77_libs=' -L/usr/local/gfortran/lib/gcc/x86_64-apple-darwin18/8.2.0 -L/usr/local/gfortran/lib/gcc/x86_64-apple-darwin18/8.2.0/../../.. -lgfortran -lquadmath -lm'
ac_cv_f77_mangling='lower case, underscore, no extra underscore'
ac_cv_fortran_dummy_main=none
ac_cv_func_cheev_=yes
ac_cv_header_boost_throw_exception_hpp=yes
ac_cv_header_inttypes_h=yes
ac_cv_header_memory_h=yes
ac_cv_header_stdc=yes
ac_cv_header_stdint_h=yes
ac_cv_header_stdlib_h=yes
ac_cv_header_string_h=yes
ac_cv_header_strings_h=yes
ac_cv_header_sys_stat_h=yes
ac_cv_header_sys_types_h=yes
ac_cv_header_unistd_h=yes
ac_cv_host=x86_64-apple-darwin18.2.0
ac_cv_lib_arpack_dnaupd_=yes
ac_cv_lib_superlu_dgstrf=yes
ac_cv_objext=o
ac_cv_path_EGREP='/usr/bin/grep -E'
ac_cv_path_GREP=/usr/bin/grep
ac_cv_path_install='/usr/bin/install -c'
ac_cv_prog_AWK=awk
ac_cv_prog_CXXCPP='g++ -E'
ac_cv_prog_ac_ct_CC=gcc
ac_cv_prog_ac_ct_CXX=g++
ac_cv_prog_ac_ct_F77=gfortran
ac_cv_prog_cc_c89=
ac_cv_prog_cc_g=yes
ac_cv_prog_cxx_g=yes
ac_cv_prog_f77_g=yes
ac_cv_prog_f77_v=-v
ac_cv_prog_make_make_set=yes
am_cv_CC_dependencies_compiler_type=gcc3
am_cv_CXX_dependencies_compiler_type=gcc3
am_cv_make_support_nested_variables=yes
am_cv_prog_cc_c_o=yes
ax_cv_cxx_compile_cxx11=no
ax_cv_cxx_compile_cxx11__std_gnupp11=yes

## ----------------- ##
## Output variables. ##
## ----------------- ##

ACLOCAL='${SHELL} /Users/alechammond/Documents/GitHub/wgms3d/missing aclocal-1.16'
AMDEPBACKSLASH='\'
AMDEP_FALSE='#'
AMDEP_TRUE=''
AMTAR='$${TAR-tar}'
AM_BACKSLASH='\'
AM_DEFAULT_V='$(AM_DEFAULT_VERBOSITY)'
AM_DEFAULT_VERBOSITY='1'
AM_V='$(V)'
AUTOCONF='${SHELL} /Users/alechammond/Documents/GitHub/wgms3d/missing autoconf'
AUTOHEADER='${SHELL} /Users/alechammond/Documents/GitHub/wgms3d/missing autoheader'
AUTOMAKE='${SHELL} /Users/alechammond/Documents/GitHub/wgms3d/missing automake-1.16'
AWK='awk'
BLAS_LIBS='/usr/local/lib/libopenblas.dylib'
CC='gcc'
CCDEPMODE='depmode=gcc3'
CFLAGS='-g -O2'
CPPFLAGS=' -Iyes/include'
CXX='g++'
CXXCPP='g++ -E'
CXXDEPMODE='depmode=gcc3'
CXXFLAGS='-g -O2 -std=gnu++11'
CYGPATH_W='echo'
DEFS='-DHAVE_CONFIG_H'
DEPDIR='.deps'
ECHO_C='\c'
ECHO_N=''
ECHO_T=''
EGREP='/usr/bin/grep -E'
EXEEXT=''
F77='gfortran'
FFLAGS='-g -O2'
FLIBS=' -L/usr/local/gfortran/lib/gcc/x86_64-apple-darwin18/8.2.0 -L/usr/local/gfortran/lib/gcc/x86_64-apple-darwin18/8.2.0/../../.. -lgfortran -lquadmath -lm'
GREP='/usr/bin/grep'
HAS_ARPACK_FALSE='#'
HAS_ARPACK_TRUE=''
HAS_SLEPC_FALSE=''
HAS_SLEPC_TRUE='#'
INSTALL_DATA='${INSTALL} -m 644'
INSTALL_PROGRAM='${INSTALL}'
INSTALL_SCRIPT='${INSTALL}'
INSTALL_STRIP_PROGRAM='$(install_sh) -c -s'
LAPACK_LIBS=''
LDFLAGS=' -Lyes/lib -Lyes/lib'
LIBOBJS=''
LIBS='-larpack -lsuperlu  /usr/local/lib/libopenblas.dylib   -L/usr/local/gfortran/lib/gcc/x86_64-apple-darwin18/8.2.0 -L/usr/local/gfortran/lib/gcc/x86_64-apple-darwin18/8.2.0/../../.. -lgfortran -lquadmath -lm'
LTLIBOBJS=''
MAKEINFO='${SHELL} /Users/alechammond/Documents/GitHub/wgms3d/missing makeinfo'
MKDIR_P='./install-sh -c -d'
OBJEXT='o'
PACKAGE='wgms3d'
PACKAGE_BUGREPORT=''
PACKAGE_NAME='wgms3d'
PACKAGE_STRING='wgms3d 2.0'
PACKAGE_TARNAME='wgms3d'
PACKAGE_URL=''
PACKAGE_VERSION='2.0'
PATH_SEPARATOR=':'
SET_MAKE=''
SHELL='/bin/sh'
STRIP=''
VERSION='2.0'
ac_ct_CC='gcc'
ac_ct_CXX='g++'
ac_ct_F77='gfortran'
am__EXEEXT_FALSE=''
am__EXEEXT_TRUE='#'
am__fastdepCC_FALSE='#'
am__fastdepCC_TRUE=''
am__fastdepCXX_FALSE='#'
am__fastdepCXX_TRUE=''
am__include='include'
am__isrc=''
am__leading_dot='.'
am__nodep='_no'
am__quote=''
am__tar='$${TAR-tar} chof - "$$tardir"'
am__untar='$${TAR-tar} xf -'
bindir='${exec_prefix}/bin'
build='x86_64-apple-darwin18.2.0'
build_alias=''
build_cpu='x86_64'
build_os='darwin18.2.0'
build_vendor='apple'
datadir='${datarootdir}'
datarootdir='${prefix}/share'
docdir='${datarootdir}/doc/${PACKAGE_TARNAME}'
dvidir='${docdir}'
exec_prefix='${prefix}'
host='x86_64-apple-darwin18.2.0'
host_alias=''
host_cpu='x86_64'
host_os='darwin18.2.0'
host_vendor='apple'
htmldir='${docdir}'
includedir='${prefix}/include'
infodir='${datarootdir}/info'
install_sh='${SHELL} /Users/alechammond/Documents/GitHub/wgms3d/install-sh'
libdir='${exec_prefix}/lib'
libexecdir='${exec_prefix}/libexec'
localedir='${datarootdir}/locale'
localstatedir='${prefix}/var'
mandir='${datarootdir}/man'
mkdir_p='$(MKDIR_P)'
oldincludedir='/usr/include'
pdfdir='${docdir}'
prefix='/usr/local'
program_transform_name='s,x,x,'
psdir='${docdir}'
sbindir='${exec_prefix}/sbin'
sharedstatedir='${prefix}/com'
sysconfdir='${prefix}/etc'
target_alias=''

## ----------- ##
## confdefs.h. ##
## ----------- ##

/* confdefs.h */
#define PACKAGE_NAME "wgms3d"
#define PACKAGE_TARNAME "wgms3d"
#define PACKAGE_VERSION "2.0"
#define PACKAGE_STRING "wgms3d 2.0"
#define PACKAGE_BUGREPORT ""
#define PACKAGE_URL ""
#define PACKAGE "wgms3d"
#define VERSION "2.0"
#define F77_FUNC(name,NAME) name ## _
#define F77_FUNC_(name,NAME) name ## _
#define STDC_HEADERS 1
#define HAVE_SYS_TYPES_H 1
#define HAVE_SYS_STAT_H 1
#define HAVE_STDLIB_H 1
#define HAVE_STRING_H 1
#define HAVE_MEMORY_H 1
#define HAVE_STRINGS_H 1
#define HAVE_INTTYPES_H 1
#define HAVE_STDINT_H 1
#define HAVE_UNISTD_H 1
#define HAVE_BLAS 1
#define HAVE_LAPACK 1
#define HAVE_SUPERLU 1
#define HAVE_ARPACK 1

configure: exit 0
